<?xml version="1.0" encoding="UTF-8"?>
<testng-results ignored="0" total="4" passed="4" failed="0" skipped="0">
  <reporter-output>
  </reporter-output>
  <suite started-at="2024-03-14T08:53:37 CDT" name="Suite" finished-at="2024-03-14T08:53:43 CDT" duration-ms="6502">
    <groups>
    </groups>
    <test started-at="2024-03-14T08:53:37 CDT" name="Test1" finished-at="2024-03-14T08:53:40 CDT" duration-ms="3600">
      <class name="api.test.CreateUserTest">
        <test-method is-config="true" signature="setup()[pri:0, instance:api.test.CreateUserTest@1d8e2eea]" started-at="2024-03-14T08:53:37 CDT" name="setup" finished-at="2024-03-14T08:53:37 CDT" duration-ms="131" status="PASS">
          <reporter-output>
          </reporter-output>
        </test-method> <!-- setup -->
        <test-method signature="createUser(org.testng.ITestContext)[pri:0, instance:api.test.CreateUserTest@1d8e2eea]" started-at="2024-03-14T08:53:37 CDT" name="createUser" finished-at="2024-03-14T08:53:40 CDT" duration-ms="3423" status="PASS">
          <params>
            <param index="0">
              <value>
                <![CDATA[org.testng.TestRunner@45554613]]>
              </value>
            </param>
          </params>
          <reporter-output>
          </reporter-output>
        </test-method> <!-- createUser -->
      </class> <!-- api.test.CreateUserTest -->
    </test> <!-- Test1 -->
    <test started-at="2024-03-14T08:53:41 CDT" name="Test2" finished-at="2024-03-14T08:53:42 CDT" duration-ms="1087">
      <class name="api.test.ReadUserTest">
        <test-method signature="readUser(org.testng.ITestContext)[pri:0, instance:api.test.ReadUserTest@367795c7]" started-at="2024-03-14T08:53:41 CDT" name="readUser" finished-at="2024-03-14T08:53:42 CDT" duration-ms="1085" status="PASS">
          <params>
            <param index="0">
              <value>
                <![CDATA[org.testng.TestRunner@1259b2a5]]>
              </value>
            </param>
          </params>
          <reporter-output>
          </reporter-output>
        </test-method> <!-- readUser -->
      </class> <!-- api.test.ReadUserTest -->
    </test> <!-- Test2 -->
    <test started-at="2024-03-14T08:53:42 CDT" name="Test3" finished-at="2024-03-14T08:53:43 CDT" duration-ms="1057">
      <class name="api.test.UpdateUserTest">
        <test-method signature="updateUser(org.testng.ITestContext)[pri:0, instance:api.test.UpdateUserTest@aa21042]" started-at="2024-03-14T08:53:42 CDT" name="updateUser" finished-at="2024-03-14T08:53:43 CDT" duration-ms="1054" status="PASS">
          <params>
            <param index="0">
              <value>
                <![CDATA[org.testng.TestRunner@62ff3028]]>
              </value>
            </param>
          </params>
          <reporter-output>
          </reporter-output>
        </test-method> <!-- updateUser -->
      </class> <!-- api.test.UpdateUserTest -->
    </test> <!-- Test3 -->
    <test started-at="2024-03-14T08:53:43 CDT" name="Test4" finished-at="2024-03-14T08:53:43 CDT" duration-ms="433">
      <class name="api.test.DeleteUserTest">
        <test-method signature="deleteUser(org.testng.ITestContext)[pri:0, instance:api.test.DeleteUserTest@d0ec63]" started-at="2024-03-14T08:53:43 CDT" name="deleteUser" finished-at="2024-03-14T08:53:43 CDT" duration-ms="427" status="PASS">
          <params>
            <param index="0">
              <value>
                <![CDATA[org.testng.TestRunner@5c18ad5d]]>
              </value>
            </param>
          </params>
          <reporter-output>
          </reporter-output>
        </test-method> <!-- deleteUser -->
      </class> <!-- api.test.DeleteUserTest -->
    </test> <!-- Test4 -->
  </suite> <!-- Suite -->
</testng-results>
